<?xml version="1.0" encoding="UTF-8"?>
<!-- Generated by org.testng.reporters.JUnitXMLReporter -->
<testsuite hostname="DESKTOP-QB571LA" ignored="2" name="Default test(failed)" tests="1" failures="1" timestamp="02 Mar 2023 05:26:46 GMT" time="0.156" errors="0">
  <testcase name="tc0" time="0.096" classname="org.login.ParallelExecution">
    <failure type="java.lang.AssertionError" message="expected [true] but found [false]">
      <![CDATA[java.lang.AssertionError: expected [true] but found [false]
at org.login.ParallelExecution.tc0(ParallelExecution.java:39)
... Removed 29 stack frames]]>
    </failure>
  </testcase> <!-- tc0 -->
  <testcase name="tc2" time="0.0" classname="org.login.ParallelExecution">
    <ignored/>
  </testcase> <!-- tc2 -->
  <testcase name="tc1" time="0.0" classname="org.login.ParallelExecution">
    <ignored/>
  </testcase> <!-- tc1 -->
</testsuite> <!-- Default test(failed) -->
